[2026-04-07T06:01:00.895Z] GET http://localhost:5173/login → 200 (100ms, ?B)
[2026-04-07T06:01:00.999Z] GET http://localhost:5173/@vite/client → 200 (45ms, ?B)
[2026-04-07T06:01:01.017Z] GET https://fonts.googleapis.com/css2?family=Inter:wght@300;400;500;600;700;800&family=Outfit:wght@400;500;600;700;800&family=Fira+Code:wght@400;500&display=swap → pending (?ms, ?B)
[2026-04-07T06:01:01.017Z] GET http://localhost:5173/src/main.jsx?t=1775525096195 → 200 (19ms, ?B)
[2026-04-07T06:01:01.019Z] GET http://localhost:5173/@react-refresh → 200 (68ms, ?B)
[2026-04-07T06:01:01.037Z] GET http://localhost:5173/node_modules/.vite/deps/react_jsx-dev-runtime.js?v=835a5956 → 200 (50ms, ?B)
[2026-04-07T06:01:01.037Z] GET http://localhost:5173/node_modules/.vite/deps/react.js?v=835a5956 → 200 (80ms, ?B)
[2026-04-07T06:01:01.037Z] GET http://localhost:5173/node_modules/.vite/deps/react-dom_client.js?v=835a5956 → 200 (92ms, ?B)
[2026-04-07T06:01:01.040Z] GET http://localhost:5173/node_modules/.vite/deps/react-router-dom.js?v=835a5956 → 200 (194ms, ?B)
[2026-04-07T06:01:01.042Z] GET http://localhost:5173/src/App.jsx?t=1775525096195 → pending (?ms, ?B)
[2026-04-07T06:01:01.042Z] GET http://localhost:5173/src/context/AuthContext.jsx?t=1775522832711 → 200 (101ms, ?B)
[2026-04-07T06:01:01.042Z] GET http://localhost:5173/src/context/ThemeContext.jsx → 200 (80ms, ?B)
[2026-04-07T06:01:01.042Z] GET http://localhost:5173/src/i18n/index.jsx?t=1775522832711 → 200 (145ms, ?B)
[2026-04-07T06:01:01.042Z] GET http://localhost:5173/src/index.css?t=1775525096195 → 200 (145ms, ?B)
[2026-04-07T06:01:01.067Z] GET http://localhost:5173/@fs/Users/macbookpro/node_modules/vite/dist/client/env.mjs → pending (?ms, ?B)
[2026-04-07T06:01:01.087Z] GET http://localhost:5173/node_modules/.vite/deps/chunk-CYZG5QNB.js?v=835a5956 → pending (?ms, ?B)
[2026-04-07T06:01:01.088Z] GET http://localhost:5173/node_modules/.vite/deps/chunk-G3PMV62Z.js?v=835a5956 → 200 (146ms, ?B)
[2026-04-07T06:01:01.168Z] GET http://localhost:5173/node_modules/.vite/deps/chunk-E22KYI7D.js?v=835a5956 → pending (?ms, ?B)
[2026-04-07T06:01:01.168Z] GET http://localhost:5173/src/services/api.js?t=1775522832711 → pending (?ms, ?B)
[2026-04-07T06:01:01.169Z] GET http://localhost:5173/node_modules/.vite/deps/react-hot-toast.js?v=835a5956 → pending (?ms, ?B)
[2026-04-07T06:01:01.187Z] GET http://localhost:5173/src/locales/en.json?import → pending (?ms, ?B)
[2026-04-07T06:01:01.187Z] GET http://localhost:5173/src/locales/fr.json?import → pending (?ms, ?B)
[2026-04-07T06:01:01.323Z] GET http://localhost:5173/src/layouts/DashboardLayout.jsx?t=1775522832711 → 200 (114ms, 56209B)
[2026-04-07T06:01:01.323Z] GET http://localhost:5173/src/pages/Login.jsx?t=1775522832711 → 200 (87ms, 68533B)
[2026-04-07T06:01:01.339Z] GET http://localhost:5173/src/pages/ForgotPassword.jsx?t=1775522832711 → 200 (75ms, 66800B)
[2026-04-07T06:01:01.340Z] GET http://localhost:5173/src/pages/admin/Dashboard.jsx?t=1775522832711 → 200 (77ms, 47790B)
[2026-04-07T06:01:01.340Z] GET http://localhost:5173/src/pages/admin/Faculties.jsx?t=1775522832711 → 200 (131ms, 40511B)
[2026-04-07T06:01:01.340Z] GET http://localhost:5173/src/pages/admin/Departments.jsx?t=1775522832711 → 200 (131ms, 45563B)
[2026-04-07T06:01:01.340Z] GET http://localhost:5173/src/pages/admin/Courses.jsx?t=1775522832711 → 200 (94ms, 64689B)
[2026-04-07T06:01:01.340Z] GET http://localhost:5173/src/pages/admin/Classes.jsx?t=1775522832711 → 200 (117ms, 93161B)
[2026-04-07T06:01:01.340Z] GET http://localhost:5173/src/pages/admin/Students.jsx?t=1775525096195 → 200 (117ms, 207734B)
[2026-04-07T06:01:01.343Z] GET http://localhost:5173/src/pages/admin/Teachers.jsx?t=1775522832711 → 200 (171ms, 17488B)
[2026-04-07T06:01:01.343Z] GET http://localhost:5173/src/pages/admin/Enrollment.jsx?t=1775522832711 → 200 (130ms, 30386B)
[2026-04-07T06:01:01.343Z] GET http://localhost:5173/src/pages/admin/Reports.jsx?t=1775522832711 → 200 (130ms, 86079B)
[2026-04-07T06:01:01.343Z] GET http://localhost:5173/src/pages/admin/ActivityLog.jsx?t=1775522832711 → 200 (149ms, 18993B)
[2026-04-07T06:01:01.343Z] GET http://localhost:5173/src/pages/admin/Grades.jsx?t=1775522832711 → 200 (170ms, 109616B)
[2026-04-07T06:01:01.343Z] GET http://localhost:5173/src/pages/admin/StudentReport.jsx?t=1775522832711 → 200 (190ms, 62668B)
[2026-04-07T06:01:01.343Z] GET http://localhost:5173/src/pages/admin/UnifiedStudentManagement.jsx?t=1775522832711 → 200 (183ms, 222962B)
[2026-04-07T06:01:01.361Z] GET http://localhost:5173/src/pages/admin/UnifiedTeacherManagement.jsx?t=1775522832711 → 200 (165ms, 145649B)
[2026-04-07T06:01:01.361Z] GET http://localhost:5173/src/pages/admin/Schedules.jsx?t=1775522832711 → 200 (169ms, 87718B)
[2026-04-07T06:01:01.361Z] GET http://localhost:5173/src/pages/registrar/Dashboard.jsx?t=1775522832711 → 200 (171ms, 36503B)
[2026-04-07T06:01:01.361Z] GET http://localhost:5173/src/pages/registrar/Students.jsx?t=1775522832711 → 200 (183ms, 101145B)
[2026-04-07T06:01:01.362Z] GET http://localhost:5173/src/pages/registrar/Teachers.jsx?t=1775522832711 → 200 (173ms, 74078B)
[2026-04-07T06:01:01.362Z] GET http://localhost:5173/src/pages/registrar/Users.jsx?t=1775522832711 → 200 (174ms, 74890B)
[2026-04-07T06:01:01.362Z] GET http://localhost:5173/src/pages/registrar/Reports.jsx?t=1775522832711 → 200 (181ms, 48678B)
[2026-04-07T06:01:01.363Z] GET http://localhost:5173/src/pages/finance/Dashboard.jsx?t=1775522832711 → 200 (180ms, 29970B)
[2026-04-07T06:01:01.363Z] GET http://localhost:5173/src/pages/finance/FeeTypes.jsx?t=1775522832711 → 200 (202ms, 39238B)
[2026-04-07T06:01:01.363Z] GET http://localhost:5173/src/pages/finance/StudentFees.jsx?t=1775523036222 → 200 (181ms, 121223B)
[2026-04-07T06:01:01.363Z] GET http://localhost:5173/src/pages/finance/Payments.jsx?t=1775523134208 → 200 (183ms, 118306B)
[2026-04-07T06:01:01.363Z] GET http://localhost:5173/src/pages/finance/Reports.jsx?t=1775522832711 → 200 (183ms, 48408B)
[2026-04-07T06:01:01.363Z] GET http://localhost:5173/src/pages/teacher/Dashboard.jsx?t=1775522832711 → 200 (186ms, 31872B)
[2026-04-07T06:01:01.363Z] GET http://localhost:5173/src/pages/teacher/Classes.jsx?t=1775522832711 → 200 (210ms, 34980B)
[2026-04-07T06:01:01.380Z] GET http://localhost:5173/src/pages/teacher/Grades.jsx?t=1775522832711 → 200 (188ms, 55028B)
[2026-04-07T06:01:01.381Z] GET http://localhost:5173/src/pages/teacher/Attendance.jsx?t=1775522832711 → 200 (185ms, 35681B)
[2026-04-07T06:01:01.381Z] GET http://localhost:5173/src/pages/teacher/Schedule.jsx?t=1775522832711 → 200 (187ms, 21001B)
[2026-04-07T06:01:01.381Z] GET http://localhost:5173/src/pages/teacher/ELearning.jsx?t=1775522832711 → 200 (192ms, 394632B)
[2026-04-07T06:01:01.381Z] GET http://localhost:5173/src/pages/student/Dashboard.jsx?t=1775522832711 → 200 (207ms, 53317B)
[2026-04-07T06:01:01.381Z] GET http://localhost:5173/src/pages/student/Courses.jsx?t=1775522832711 → 200 (194ms, 19834B)
[2026-04-07T06:01:01.381Z] GET http://localhost:5173/src/pages/student/Grades.jsx?t=1775522832711 → 200 (194ms, 65696B)
[2026-04-07T06:01:01.388Z] GET http://localhost:5173/src/pages/student/Attendance.jsx?t=1775522832711 → 200 (189ms, 26968B)
[2026-04-07T06:01:01.388Z] GET http://localhost:5173/src/pages/student/Schedule.jsx?t=1775522832711 → 200 (189ms, 27479B)
[2026-04-07T06:01:01.389Z] GET http://localhost:5173/src/pages/student/Fees.jsx?t=1775522832711 → 200 (198ms, 117362B)
[2026-04-07T06:01:01.389Z] GET http://localhost:5173/src/pages/student/ELearning.jsx?t=1775522832711 → 200 (200ms, 240435B)
[2026-04-07T06:01:01.389Z] GET http://localhost:5173/src/pages/Profile.jsx?t=1775522832711 → 200 (204ms, 71944B)
[2026-04-07T06:01:01.389Z] GET http://localhost:5173/src/pages/Settings.jsx?t=1775522832711 → 200 (206ms, 75922B)
[2026-04-07T06:01:01.389Z] GET http://localhost:5173/src/pages/NotFound.jsx?t=1775522832711 → 200 (205ms, 7966B)
[2026-04-07T06:01:01.410Z] GET http://localhost:5173/node_modules/.vite/deps/axios.js?v=835a5956 → 200 (185ms, 87190B)
[2026-04-07T06:01:01.411Z] GET http://localhost:5173/node_modules/.vite/deps/framer-motion.js?v=835a5956 → 200 (186ms, 358371B)
[2026-04-07T06:01:01.413Z] GET http://localhost:5173/node_modules/.vite/deps/@heroicons_react_24_outline.js?v=835a5956 → 200 (194ms, 350704B)
[2026-04-07T06:01:01.417Z] GET http://localhost:5173/node_modules/.vite/deps/react-chartjs-2.js?v=835a5956 → 200 (184ms, 5310B)
[2026-04-07T06:01:01.417Z] GET http://localhost:5173/node_modules/.vite/deps/chart__js.js?v=835a5956 → 200 (190ms, 7435B)
[2026-04-07T06:01:01.417Z] GET http://localhost:5173/src/components/StatCard.jsx → 200 (191ms, 8787B)
[2026-04-07T06:01:01.434Z] GET http://localhost:5173/src/hooks/useWidgetSettings.js → 200 (176ms, 2521B)
[2026-04-07T06:01:01.436Z] GET http://localhost:5173/src/components/DataTable.jsx?t=1775522832711 → 200 (174ms, 37180B)
[2026-04-07T06:01:01.437Z] GET http://localhost:5173/src/components/Modal.jsx → 200 (174ms, 12761B)
[2026-04-07T06:01:01.437Z] GET http://localhost:5173/src/components/Chatbot.jsx?t=1775522832711 → 200 (177ms, 117394B)
[2026-04-07T06:01:01.437Z] GET http://localhost:5173/src/components/NotificationDropdown.jsx?t=1775522832711 → 200 (177ms, 40982B)
[2026-04-07T06:01:01.491Z] GET http://localhost:5173/src/utils/reportPrint.js?t=1775490268319 → 200 (125ms, 32413B)
[2026-04-07T06:01:01.492Z] GET http://localhost:5173/node_modules/.vite/deps/date-fns.js?v=835a5956 → 200 (132ms, 177070B)
[2026-04-07T06:01:01.597Z] GET http://localhost:5173/node_modules/.vite/deps/chunk-NTMZB5HB.js?v=835a5956 → 200 (27ms, 37023B)
[2026-04-07T06:01:01.601Z] GET http://localhost:5173/node_modules/.vite/deps/chunk-PAJUT44J.js?v=835a5956 → 200 (29ms, 440606B)
[2026-04-07T06:01:01.612Z] GET http://localhost:5173/node_modules/.vite/deps/@headlessui_react.js?v=835a5956 → 200 (13ms, 198607B)
[2026-04-07T06:01:01.899Z] GET http://localhost:5173/esl-logo.png → 200 (?ms, 20014B)
[2026-04-07T06:01:01.928Z] GET https://fonts.gstatic.com/s/outfit/v15/QGYvz_MVcBeNP4NJtEtqUYLknw.woff2 → pending (?ms, ?B)
[2026-04-07T06:01:01.928Z] GET https://fonts.gstatic.com/s/inter/v20/UcC73FwrK3iLTeHuS_nVMrMxCp50SjIa1ZL7W0Q5nw.woff2 → pending (?ms, ?B)
